<!DOCTYPE html PUBLIC "-//W3C//DTD XHTML 1.1//EN" "https://www.w3.org/TR/xhtml11/DTD/xhtml11.dtd">
<html xmlns="https://www.w3.org/1999/xhtml">
<head>
<meta http-equiv="content-type" content="text/html; charset=UTF-8"/>
<title>TestNG Report</title>
<style type="text/css">table {margin-bottom:10px;border-collapse:collapse;empty-cells:show}th,td {border:1px solid #009;padding:.25em .5em}th {vertical-align:bottom}td {vertical-align:top}table a {font-weight:bold}.stripe td {background-color: #E6EBF9}.num {text-align:right}.passedodd td {background-color: #3F3}.passedeven td {background-color: #0A0}.skippedodd td {background-color: #DDD}.skippedeven td {background-color: #CCC}.failedodd td,.attn {background-color: #F33}.failedeven td,.stripe .attn {background-color: #D00}.stacktrace {white-space:pre;font-family:monospace}.totop {font-size:85%;text-align:center;border-bottom:2px solid #000}.invisible {display:none}</style>
</head>
<body>
<table>
<tr><th>Test</th><th># Passed</th><th># Skipped</th><th># Retried</th><th># Failed</th><th>Time (ms)</th><th>Included Groups</th><th>Excluded Groups</th></tr>
<tr><th colspan="8">Suite</th></tr>
<tr><td><a href="#t0">The Score - End to end Framework Test</a></td><td class="num">0</td><td class="num">0</td><td class="num attn">4</td><td class="num attn">3</td><td class="num">272,823</td><td></td><td></td></tr>
</table>
<table id='summary'><thead><tr><th>Class</th><th>Method</th><th>Start</th><th>Time (ms)</th></tr></thead><tbody><tr><th colspan="4">Suite</th></tr></tbody><tbody id="t0"><tr><th colspan="4">The Score - End to end Framework Test &#8212; failed</th></tr><tr class="failedeven"><td rowspan="3">org.thescore.TheScoreTest.MainTest</td><td><a href="#m0">TC01_OnboardUserandFindTeam</a></td><td rowspan="2">1708040356120</td><td rowspan="2">31759</td></tr><tr class="failedeven"><td><a href="#m1">TC01_OnboardUserandFindTeam</a></td></tr><tr class="failedeven"><td><a href="#m2">TC02_RefreshResultsBug</a></td><td rowspan="1">1708040389632</td><td rowspan="1">21933</td></tr><tr><th colspan="4">The Score - End to end Framework Test &#8212; retried</th></tr><tr class="retriedeven"><td rowspan="4">org.thescore.TheScoreTest.MainTest</td><td><a href="#m3">TC01_OnboardUserandFindTeam</a></td><td rowspan="4">1708040162805</td><td rowspan="4">41827</td></tr><tr class="retriedeven"><td><a href="#m4">TC01_OnboardUserandFindTeam</a></td></tr><tr class="retriedeven"><td><a href="#m5">TC01_OnboardUserandFindTeam</a></td></tr><tr class="retriedeven"><td><a href="#m6">TC01_OnboardUserandFindTeam</a></td></tr></tbody>
</table>
<h2>The Score - End to end Framework Test</h2><h3 id="m0">org.thescore.TheScoreTest.MainTest#TC01_OnboardUserandFindTeam</h3><table class="result"><tr class="param"><th>Parameter #1</th></tr><tr class="param stripe"><td>{sport=NBA Basketball, league=NBA, team=Toronto Raptors}</td></tr><tr><th>Messages</th></tr><tr><td><div class="messages">Validate app welcome page text...<br/><h4>Completed the score onboarding flow</h4><br/>1.Find and select team<br/>2.Verify that the expected page opens correctly.</div></td></tr><tr><th>Exception</th></tr><tr><td><div class="stacktrace">java.lang.AssertionError: Team name is incorrect expected [null] but found [Toronto Raptors]
	at org.thescore.TheScoreTest.MainTest.TC01_OnboardUserandFindTeam(MainTest.java:65)
	at java.base/java.util.ArrayList.forEach(ArrayList.java:1596)
... Removed 30 stack frames</div></td></tr></table><p class="totop"><a href="#summary">back to summary</a></p>
<h3 id="m1">org.thescore.TheScoreTest.MainTest#TC01_OnboardUserandFindTeam</h3><table class="result"><tr class="param"><th>Parameter #1</th></tr><tr class="param stripe"><td>{sport=Germany Soccer, league=GERMANY, team=Bayern Munich}</td></tr><tr><th>Messages</th></tr><tr><td><div class="messages">Validate app welcome page text...<br/><h4>Completed the score onboarding flow</h4><br/>1.Find and select team<br/>2.Verify that the expected page opens correctly.</div></td></tr><tr><th>Exception</th></tr><tr><td><div class="stacktrace">java.lang.AssertionError: Team name is incorrect expected [null] but found [Bayern Munich]
	at org.thescore.TheScoreTest.MainTest.TC01_OnboardUserandFindTeam(MainTest.java:65)
	at java.base/java.util.ArrayList.forEach(ArrayList.java:1596)
... Removed 30 stack frames</div></td></tr></table><p class="totop"><a href="#summary">back to summary</a></p>
<h3 id="m2">org.thescore.TheScoreTest.MainTest#TC02_RefreshResultsBug</h3><table class="result"><tr><th>Exception</th></tr><tr><td><div class="stacktrace">org.openqa.selenium.TimeoutException: Expected condition failed: waiting for invisibility of Located by By.chained({AppiumBy.id: com.fivemobile.thescore:id/error_view}) (tried for 2 second(s) with 500 milliseconds interval)
Build info: version: &apos;4.17.0&apos;, revision: &apos;e52b1be057*&apos;
System info: os.name: &apos;Windows 11&apos;, os.arch: &apos;amd64&apos;, os.version: &apos;10.0&apos;, java.version: &apos;21.0.1&apos;
Driver info: io.appium.java_client.android.AndroidDriver
Capabilities {appium:app: C:\Users\bungh\eclipse-work..., appium:appPackage: com.fivemobile.thescore, appium:autoGrantPermissions: true, appium:automationName: UIAutomator2, appium:databaseEnabled: false, appium:desired: {app: C:\Users\bungh\eclipse-work..., autoGrantPermissions: true, automationName: UIAutomator2, deviceName: AshDevice, platformName: ANDROID}, appium:deviceApiLevel: 33, appium:deviceManufacturer: Google, appium:deviceModel: sdk_gphone_x86_64, appium:deviceName: emulator-5554, appium:deviceScreenDensity: 420, appium:deviceScreenSize: 1080x2400, appium:deviceUDID: emulator-5554, appium:javascriptEnabled: true, appium:locationContextEnabled: false, appium:networkConnectionEnabled: true, appium:pixelRatio: 2.625, appium:platformVersion: 13, appium:statBarHeight: 128, appium:takesScreenshot: true, appium:viewportRect: {height: 2081, left: 0, top: 128, width: 1080}, appium:warnings: {}, appium:webStorageEnabled: false, platformName: ANDROID}
Session ID: bd1d51eb-0e9a-443a-a971-a0e34b55098a
	at org.openqa.selenium.support.ui.WebDriverWait.timeoutException(WebDriverWait.java:84)
	at org.openqa.selenium.support.ui.FluentWait.until(FluentWait.java:228)
	at org.thescore.pageObjects.android.ChooseTeamPage.searchAndhandleError(ChooseTeamPage.java:109)
	at org.thescore.TheScoreTest.MainTest.TC02_RefreshResultsBug(MainTest.java:95)
	at java.base/java.util.ArrayList.forEach(ArrayList.java:1596)
... Removed 25 stack frames</div></td></tr></table><p class="totop"><a href="#summary">back to summary</a></p>
<h3 id="m3">org.thescore.TheScoreTest.MainTest#TC01_OnboardUserandFindTeam</h3><table class="result"><tr class="param"><th>Parameter #1</th></tr><tr class="param stripe"><td>{sport=Germany Soccer, league=GERMANY, team=Bayern Munich}</td></tr><tr><th>Messages</th></tr><tr><td><div class="messages">Validate app welcome page text...<br/><h4>Completed the score onboarding flow</h4><br/>1.Find and select team<br/>2.Verify that the expected page opens correctly.</div></td></tr><tr><th>Exception</th></tr><tr><td><div class="stacktrace">java.lang.AssertionError: Team name is incorrect expected [null] but found [Bayern Munich]
	at org.thescore.TheScoreTest.MainTest.TC01_OnboardUserandFindTeam(MainTest.java:65)
	at java.base/java.util.ArrayList.forEach(ArrayList.java:1596)
... Removed 30 stack frames</div></td></tr></table><p class="totop"><a href="#summary">back to summary</a></p>
<h3 id="m4">org.thescore.TheScoreTest.MainTest#TC01_OnboardUserandFindTeam</h3><table class="result"><tr class="param"><th>Parameter #1</th></tr><tr class="param stripe"><td>{sport=Germany Soccer, league=GERMANY, team=Bayern Munich}</td></tr><tr><th>Messages</th></tr><tr><td><div class="messages">Validate app welcome page text...<br/><h4>Completed the score onboarding flow</h4><br/>1.Find and select team<br/>2.Verify that the expected page opens correctly.</div></td></tr><tr><th>Exception</th></tr><tr><td><div class="stacktrace">java.lang.AssertionError: Team name is incorrect expected [null] but found [Bayern Munich]
	at org.thescore.TheScoreTest.MainTest.TC01_OnboardUserandFindTeam(MainTest.java:65)
	at java.base/java.util.ArrayList.forEach(ArrayList.java:1596)
... Removed 30 stack frames</div></td></tr></table><p class="totop"><a href="#summary">back to summary</a></p>
<h3 id="m5">org.thescore.TheScoreTest.MainTest#TC01_OnboardUserandFindTeam</h3><table class="result"><tr class="param"><th>Parameter #1</th></tr><tr class="param stripe"><td>{sport=NBA Basketball, league=NBA, team=Toronto Raptors}</td></tr><tr><th>Messages</th></tr><tr><td><div class="messages">Validate app welcome page text...<br/><h4>Completed the score onboarding flow</h4><br/>1.Find and select team<br/>2.Verify that the expected page opens correctly.</div></td></tr><tr><th>Exception</th></tr><tr><td><div class="stacktrace">java.lang.AssertionError: Team name is incorrect expected [null] but found [Toronto Raptors]
	at org.thescore.TheScoreTest.MainTest.TC01_OnboardUserandFindTeam(MainTest.java:65)
	at java.base/java.util.ArrayList.forEach(ArrayList.java:1596)
... Removed 30 stack frames</div></td></tr></table><p class="totop"><a href="#summary">back to summary</a></p>
<h3 id="m6">org.thescore.TheScoreTest.MainTest#TC01_OnboardUserandFindTeam</h3><table class="result"><tr class="param"><th>Parameter #1</th></tr><tr class="param stripe"><td>{sport=NBA Basketball, league=NBA, team=Toronto Raptors}</td></tr><tr><th>Messages</th></tr><tr><td><div class="messages">Validate app welcome page text...<br/><h4>Completed the score onboarding flow</h4><br/>1.Find and select team<br/>2.Verify that the expected page opens correctly.</div></td></tr><tr><th>Exception</th></tr><tr><td><div class="stacktrace">java.lang.AssertionError: Team name is incorrect expected [null] but found [Toronto Raptors]
	at org.thescore.TheScoreTest.MainTest.TC01_OnboardUserandFindTeam(MainTest.java:65)
	at java.base/java.util.ArrayList.forEach(ArrayList.java:1596)
... Removed 30 stack frames</div></td></tr></table><p class="totop"><a href="#summary">back to summary</a></p>
</body>
</html>
